#
# There is insufficient memory for the Java Runtime Environment to continue.
# Native memory allocation (malloc) failed to allocate 32744 bytes for ChunkPool::allocate
# Possible reasons:
#   The system is out of physical RAM or swap space
#   In 32 bit mode, the process size limit was hit
# Possible solutions:
#   Reduce memory load on the system
#   Increase physical memory or swap space
#   Check if swap backing store is full
#   Use 64 bit Java on a 64 bit OS
#   Decrease Java heap size (-Xmx/-Xms)
#   Decrease number of Java threads
#   Decrease Java thread stack sizes (-Xss)
#   Set larger code cache with -XX:ReservedCodeCacheSize=
# This output file may be truncated or incomplete.
#
#  Out of Memory Error (allocation.cpp:273), pid=7248, tid=1092
#
# JRE version: Java(TM) SE Runtime Environment (8.0_65-b17) (build 1.8.0_65-b17)
# Java VM: Java HotSpot(TM) 64-Bit Server VM (25.65-b01 mixed mode windows-amd64 compressed oops)
# Failed to write core dump. Minidumps are not enabled by default on client versions of Windows
#

---------------  T H R E A D  ---------------

Current thread (0x0000000014909800):  JavaThread "C2 CompilerThread0" daemon [_thread_in_native, id=1092, stack(0x0000000016050000,0x0000000016150000)]

Stack: [0x0000000016050000,0x0000000016150000]
[error occurred during error reporting (printing stack bounds), id 0xc0000005]

Native frames: (J=compiled Java code, j=interpreted, Vv=VM code, C=native code)


Current CompileTask:
C2:   2575 1010   !   4       com.android.dx.cf.code.BytecodeArray::parseInstruction (2764 bytes)


---------------  P R O C E S S  ---------------

Java Threads: ( => current thread )
  0x00000000165df000 JavaThread "pool-2-thread-4" [_thread_in_Java, id=7556, stack(0x0000000016d50000,0x0000000016e50000)]
  0x00000000165de800 JavaThread "pool-2-thread-3" [_thread_in_Java, id=7660, stack(0x0000000016c50000,0x0000000016d50000)]
  0x00000000165c6000 JavaThread "pool-2-thread-2" [_thread_in_Java, id=6500, stack(0x0000000016b50000,0x0000000016c50000)]
  0x00000000164a8000 JavaThread "pool-3-thread-1" [_thread_blocked, id=7524, stack(0x0000000016a50000,0x0000000016b50000)]
  0x00000000164a7800 JavaThread "pool-2-thread-1" [_thread_in_Java, id=4892, stack(0x0000000016950000,0x0000000016a50000)]
  0x0000000016366000 JavaThread "Service Thread" daemon [_thread_blocked, id=4312, stack(0x0000000016750000,0x0000000016850000)]
  0x000000001495d000 JavaThread "C1 CompilerThread2" daemon [_thread_blocked, id=8080, stack(0x0000000016250000,0x0000000016350000)]
  0x000000001494f000 JavaThread "C2 CompilerThread1" daemon [_thread_blocked, id=2464, stack(0x0000000016150000,0x0000000016250000)]
=>0x0000000014909800 JavaThread "C2 CompilerThread0" daemon [_thread_in_native, id=1092, stack(0x0000000016050000,0x0000000016150000)]
  0x0000000014907800 JavaThread "Attach Listener" daemon [_thread_blocked, id=7236, stack(0x0000000015f50000,0x0000000016050000)]
  0x0000000014906000 JavaThread "Signal Dispatcher" daemon [_thread_blocked, id=5708, stack(0x0000000015e50000,0x0000000015f50000)]
  0x0000000002227000 JavaThread "Finalizer" daemon [_thread_blocked, id=416, stack(0x0000000015b60000,0x0000000015c60000)]
  0x000000000221e000 JavaThread "Reference Handler" daemon [_thread_blocked, id=2872, stack(0x0000000015a60000,0x0000000015b60000)]
  0x0000000002130800 JavaThread "main" [_thread_in_Java, id=5648, stack(0x0000000002030000,0x0000000002130000)]

Other Threads:
  0x00000000148c8000 VMThread [stack: 0x0000000015960000,0x0000000015a60000] [id=3764]
  0x0000000016369800 WatcherThread [stack: 0x0000000016850000,0x0000000016950000] [id=2304]

VM state:not at safepoint (normal execution)

VM Mutex/Monitor currently owned by a thread: None

Heap:
 PSYoungGen      total 33280K, used 28672K [0x00000000eab00000, 0x00000000ed000000, 0x0000000100000000)
  eden space 28672K, 100% used [0x00000000eab00000,0x00000000ec700000,0x00000000ec700000)
  from space 4608K, 0% used [0x00000000ecb80000,0x00000000ecb80000,0x00000000ed000000)
  to   space 4608K, 0% used [0x00000000ec700000,0x00000000ec700000,0x00000000ecb80000)
 ParOldGen       total 76800K, used 0K [0x00000000c0000000, 0x00000000c4b00000, 0x00000000eab00000)
  object space 76800K, 0% used [0x00000000c0000000,0x00000000c0000000,0x00000000c4b00000)
 Metaspace       used 5736K, capacity 6896K, committed 7040K, reserved 1056768K
  class space    used 582K, capacity 616K, committed 640K, reserved 1048576K

Card table byte_map: [0x00000000115f0000,0x0000000011800000] byte_map_base: 0x0000000010ff0000

Marking Bits: (ParMarkBitMap*) 0x000000007498a5b0
 Begin Bits: [0x0000000011d60000, 0x0000000012d60000)
 End Bits:   [0x0000000012d60000, 0x0000000013d60000)

Polling page: 0x00000000007e0000

CodeCache: size=245760Kb used=4561Kb max_used=4572Kb free=241198Kb
 bounds [0x0000000002230000, 0x00000000026b0000, 0x0000000011230000]
 total_blobs=1372 nmethods=1111 adapters=175
 compilation: enabled

Compilation events (10 events):
Event: 2.466 Thread 0x000000001494f000 1090       4       com.android.dx.ssa.SsaMethod$1::visitNonMoveInsn (26 bytes)
Event: 2.468 Thread 0x000000001494f000 nmethod 1090 0x0000000002698750 code [0x00000000026988a0, 0x0000000002698998]
Event: 2.468 Thread 0x000000001494f000 1099       4       java.util.HashMap::containsKey (18 bytes)
Event: 2.470 Thread 0x000000001495d000 1112       3       java.lang.String::<init> (15 bytes)
Event: 2.470 Thread 0x000000001495d000 nmethod 1112 0x00000000026a5890 code [0x00000000026a5a20, 0x00000000026a5e08]
Event: 2.481 Thread 0x000000001494f000 nmethod 1099 0x00000000026abcd0 code [0x00000000026abe60, 0x00000000026ac5f8]
Event: 2.481 Thread 0x000000001494f000 1111       4       com.android.dx.cf.code.ExecutionStack::peek (42 bytes)
Event: 2.483 Thread 0x000000001494f000 nmethod 1111 0x00000000026a8cd0 code [0x00000000026a8e20, 0x00000000026a8ef8]
Event: 2.483 Thread 0x000000001494f000 1084  s    4       java.util.Vector::elementAt (48 bytes)
Event: 2.485 Thread 0x000000001494f000 nmethod 1084 0x00000000026a87d0 code [0x00000000026a8920, 0x00000000026a8b98]

GC Heap History (0 events):
No events

Deoptimization events (10 events):
Event: 1.634 Thread 0x0000000002130800 Uncommon trap: reason=unstable_if action=reinterpret pc=0x00000000023bd2e0 method=java.lang.String.<init>([CII)V @ 18
Event: 1.810 Thread 0x00000000164a7800 Uncommon trap: reason=unstable_if action=reinterpret pc=0x00000000024c5538 method=java.util.BitSet.ensureCapacity(I)V @ 6
Event: 1.950 Thread 0x0000000002130800 Uncommon trap: reason=unstable_if action=reinterpret pc=0x000000000259e788 method=com.android.dx.rop.code.RegisterSpec.equals(ILcom/android/dx/rop/type/TypeBearer;Lcom/android/dx/rop/code/LocalItem;)Z @ 16
Event: 1.950 Thread 0x0000000002130800 Uncommon trap: reason=unstable_if action=reinterpret pc=0x0000000002565c84 method=com.android.dx.rop.code.RegisterSpec.equals(ILcom/android/dx/rop/type/TypeBearer;Lcom/android/dx/rop/code/LocalItem;)Z @ 16
Event: 1.995 Thread 0x00000000165de800 Uncommon trap: reason=class_check action=maybe_recompile pc=0x000000000257e1b0 method=com.android.dx.rop.type.Type.equals(Ljava/lang/Object;)Z @ 8
Event: 1.996 Thread 0x00000000165de800 Uncommon trap: reason=unstable_if action=reinterpret pc=0x00000000025e7ef8 method=com.android.dx.cf.code.Ropper.labelToResultIndex(I)I @ 34
Event: 1.999 Thread 0x00000000165de800 Uncommon trap: reason=class_check action=maybe_recompile pc=0x000000000257e1b0 method=com.android.dx.rop.type.Type.equals(Ljava/lang/Object;)Z @ 8
Event: 2.388 Thread 0x00000000165df000 Uncommon trap: reason=class_check action=maybe_recompile pc=0x000000000257e1b0 method=com.android.dx.rop.type.Type.equals(Ljava/lang/Object;)Z @ 8
Event: 2.397 Thread 0x00000000165df000 Uncommon trap: reason=class_check action=maybe_recompile pc=0x000000000257e1b0 method=com.android.dx.rop.type.Type.equals(Ljava/lang/Object;)Z @ 8
Event: 2.410 Thread 0x00000000165df000 Uncommon trap: reason=unstable_if action=reinterpret pc=0x000000000264f260 method=com.android.dx.rop.code.RegisterSpec.withReg(I)Lcom/android/dx/rop/code/RegisterSpec; @ 5

Internal exceptions (4 events):
Event: 0.082 Thread 0x0000000002130800 Exception <a 'java/lang/NoSuchMethodError': Method sun.misc.Unsafe.defineClass(Ljava/lang/String;[BII)Ljava/lang/Class; name or signature does not match> (0x00000000eab0d4d8) thrown at [C:\workspace\8-2-build-windows-amd64-cygwin\jdk8u65\4987\hotspot\src\sì\‘Îµ?
Event: 0.082 Thread 0x0000000002130800 Exception <a 'java/lang/NoSuchMethodError': Method sun.misc.Unsafe.prefetchRead(Ljava/lang/Object;J)V name or signature does not match> (0x00000000eab0d7c0) thrown at [C:\workspace\8-2-build-windows-amd64-cygwin\jdk8u65\4987\hotspot\src\share\vm\prims\jni.Q`Ú­óeø?
Event: 1.525 Thread 0x00000000165df000 Implicit null exception at 0x00000000025698f0 to 0x000000000256ade9
Event: 1.525 Thread 0x00000000165df000 Implicit null exception at 0x000000000255fc38 to 0x0000000002561581

Events (10 events):
Event: 2.122 Thread 0x00000000165c6000 DEOPT UNPACKING pc=0x000000000227747f sp=0x0000000016c4e3b8 mode 0
Event: 2.388 Thread 0x00000000165df000 Uncommon trap: trap_request=0xffffffde fr.pc=0x000000000257e1b0
Event: 2.388 Thread 0x00000000165df000 DEOPT PACKING pc=0x000000000257e1b0 sp=0x0000000016e4dcb0
Event: 2.388 Thread 0x00000000165df000 DEOPT UNPACKING pc=0x000000000227582a sp=0x0000000016e4dc48 mode 2
Event: 2.397 Thread 0x00000000165df000 Uncommon trap: trap_request=0xffffffde fr.pc=0x000000000257e1b0
Event: 2.398 Thread 0x00000000165df000 DEOPT PACKING pc=0x000000000257e1b0 sp=0x0000000016e4e580
Event: 2.398 Thread 0x00000000165df000 DEOPT UNPACKING pc=0x000000000227582a sp=0x0000000016e4e518 mode 2
Event: 2.410 Thread 0x00000000165df000 Uncommon trap: trap_request=0xffffff65 fr.pc=0x000000000264f260
Event: 2.410 Thread 0x00000000165df000 DEOPT PACKING pc=0x000000000264f260 sp=0x0000000016e4e8e0
Event: 2.410 Thread 0x00000000165df000 DEOPT UNPACKING pc=0x000000000227582a sp=0x0000000016e4e850 mode 2


Dynamic libraries:
0x00007ff633530000 - 0x00007ff633567000 	D:\AndroidStudio\jdk1.8.0_65\bin\java.exe
0x00007ff824dd0000 - 0x00007ff824f7a000 	C:\Windows\SYSTEM32\ntdll.dll
0x00007ff824be0000 - 0x00007ff824d1a000 	C:\Windows\system32\KERNEL32.DLL
0x00007ff822540000 - 0x00007ff82264f000 	C:\Windows\system32\KERNELBASE.dll
0x00007ff820d70000 - 0x00007ff820df8000 	C:\Windows\system32\apphelp.dll
0x00007ff812710000 - 0x00007ff81275f000 	C:\Windows\AppPatch\AppPatch64\AcGenral.DLL
0x00007ff824d20000 - 0x00007ff824dc7000 	C:\Windows\system32\msvcrt.dll
0x00007ff821ff0000 - 0x00007ff82201b000 	C:\Windows\SYSTEM32\SspiCli.dll
0x00007ff8228a0000 - 0x00007ff8228f1000 	C:\Windows\system32\SHLWAPI.dll
0x00007ff8233b0000 - 0x00007ff823521000 	C:\Windows\system32\USER32.dll
0x00007ff8231d0000 - 0x00007ff823348000 	C:\Windows\system32\ole32.dll
0x00007ff823590000 - 0x00007ff8249a7000 	C:\Windows\system32\SHELL32.dll
0x00007ff8217d0000 - 0x00007ff8217ee000 	C:\Windows\SYSTEM32\USERENV.dll
0x00007ff8249b0000 - 0x00007ff824a55000 	C:\Windows\system32\ADVAPI32.dll
0x00007ff81af40000 - 0x00007ff81af5b000 	C:\Windows\SYSTEM32\MPR.dll
0x00007ff822ca0000 - 0x00007ff822dd6000 	C:\Windows\system32\RPCRT4.dll
0x00007ff823350000 - 0x00007ff8233a7000 	C:\Windows\SYSTEM32\sechost.dll
0x00007ff822e50000 - 0x00007ff823026000 	C:\Windows\SYSTEM32\combase.dll
0x00007ff824a60000 - 0x00007ff824ba5000 	C:\Windows\system32\GDI32.dll
0x00007ff822140000 - 0x00007ff822154000 	C:\Windows\SYSTEM32\profapi.dll
0x00007ff8205e0000 - 0x00007ff82067f000 	C:\Windows\SYSTEM32\SHCORE.dll
0x00007ff822ae0000 - 0x00007ff822b14000 	C:\Windows\system32\IMM32.DLL
0x00007ff823090000 - 0x00007ff8231c9000 	C:\Windows\system32\MSCTF.dll
0x00007ff81fd60000 - 0x00007ff81ffba000 	C:\Windows\WinSxS\amd64_microsoft.windows.common-controls_6595b64144ccf1df_6.0.9600.17031_none_6242a4b3ecbb55a1\COMCTL32.dll
0x0000000073e50000 - 0x0000000073f22000 	D:\AndroidStudio\jdk1.8.0_65\jre\bin\msvcr100.dll
0x0000000074180000 - 0x0000000074a09000 	D:\AndroidStudio\jdk1.8.0_65\jre\bin\server\jvm.dll
0x00007ff81b2f0000 - 0x00007ff81b2f9000 	C:\Windows\SYSTEM32\WSOCK32.dll
0x00007ff81ffc0000 - 0x00007ff81ffdf000 	C:\Windows\SYSTEM32\WINMM.dll
0x00007ff81ffe0000 - 0x00007ff81ffea000 	C:\Windows\SYSTEM32\VERSION.dll
0x00007ff822650000 - 0x00007ff822657000 	C:\Windows\system32\PSAPI.DLL
0x00007ff823530000 - 0x00007ff823588000 	C:\Windows\system32\WS2_32.dll
0x00007ff81fd30000 - 0x00007ff81fd5a000 	C:\Windows\SYSTEM32\WINMMBASE.dll
0x00007ff822b20000 - 0x00007ff822b29000 	C:\Windows\system32\NSI.dll
0x00007ff822440000 - 0x00007ff82248a000 	C:\Windows\SYSTEM32\cfgmgr32.dll
0x00007ff820fc0000 - 0x00007ff820fe6000 	C:\Windows\SYSTEM32\DEVOBJ.dll
0x0000000074ea0000 - 0x0000000074eaf000 	D:\AndroidStudio\jdk1.8.0_65\jre\bin\verify.dll
0x0000000074e70000 - 0x0000000074e99000 	D:\AndroidStudio\jdk1.8.0_65\jre\bin\java.dll
0x0000000074e50000 - 0x0000000074e66000 	D:\AndroidStudio\jdk1.8.0_65\jre\bin\zip.dll

VM Arguments:
jvm_args: -Djava.awt.headless=true -Xmx1024M -Dfile.encoding=windows-1252 -Duser.country=US -Duser.language=en -Duser.variant 
java_command: com.android.dx.command.Main --dex --force-jumbo --num-threads=4 --multi-dex --output D:\AndroidStudio\Work\Soaya\app\build\intermediates\transforms\dex\debug\folders\1000\5\slice_5 D:\AndroidStudio\Work\Soaya\app\build\intermediates\transforms\instantRunSlicer\debug\folders\1\5\slice_5
java_class_path (initial): D:\AndroidStudio\sdk\build-tools\24.0.1\lib\dx.jar
Launcher Type: SUN_STANDARD

Environment Variables:
PATH=C:\Program Files (x86)\NVIDIA Corporation\PhysX\Common;C:\ProgramData\Oracle\Java\javapath;C:\Windows\system32;C:\Windows;C:\Windows\System32\Wbem;C:\Windows\System32\WindowsPowerShell\v1.0\;C:\Program Files (x86)\Windows Kits\8.1\Windows Performance Toolkit\;C:\Program Files\Microsoft SQL Server\110\Tools\Binn\;C:\Program Files (x86)\Skype\Phone\;C:\Program Files (x86)\Microsoft SQL Server\Client SDK\ODBC\110\Tools\Binn\;C:\Program Files (x86)\Microsoft SQL Server\120\Tools\Binn\;C:\Program Files (x86)\Microsoft SQL Server\120\DTS\Binn\;C:\Program Files (x86)\Microsoft SQL Server\120\Tools\Binn\ManagementStudio\;C:\Program Files\OpenVPN\bin;D:\Program Files\Git\cmd
USERNAME=Denn
OS=Windows_NT
PROCESSOR_IDENTIFIER=AMD64 Family 21 Model 48 Stepping 1, AuthenticAMD



---------------  S Y S T E M  ---------------

OS: Windows 8.1 , 64 bit Build 9600 (6.3.9600.17056)

CPU:total 4 (4 cores per cpu, 1 threads per core) family 21 model 48 stepping 1, cmov, cx8, fxsr, mmx, sse, sse2, sse3, ssse3, sse4.1, sse4.2, popcnt, avx, aes, clmul, mmxext, 3dnowpref, lzcnt, sse4a, tsc, tscinvbit, tscinv, bmi1

Memory: 4k page, physical 7287988k(1220924k free), swap 10669236k(5212k free)

vm_info: Java HotSpot(TM) 64-Bit Server VM (25.65-b01) for windows-amd64 JRE (1.8.0_65-b17), built on Oct  6 2015 16:39:20 by "java_re" with MS VC++ 10.0 (VS2010)

time: Sat Aug 13 16:30:37 2016
elapsed time: 2 seconds (0d 0h 0m 2s)

