#
# There is insufficient memory for the Java Runtime Environment to continue.
# Native memory allocation (malloc) failed to allocate 1511056 bytes for Chunk::new
# Possible reasons:
#   The system is out of physical RAM or swap space
#   In 32 bit mode, the process size limit was hit
# Possible solutions:
#   Reduce memory load on the system
#   Increase physical memory or swap space
#   Check if swap backing store is full
#   Use 64 bit Java on a 64 bit OS
#   Decrease Java heap size (-Xmx/-Xms)
#   Decrease number of Java threads
#   Decrease Java thread stack sizes (-Xss)
#   Set larger code cache with -XX:ReservedCodeCacheSize=
# This output file may be truncated or incomplete.
#
#  Out of Memory Error (allocation.cpp:390), pid=3068, tid=8040
#
# JRE version: Java(TM) SE Runtime Environment (8.0_65-b17) (build 1.8.0_65-b17)
# Java VM: Java HotSpot(TM) 64-Bit Server VM (25.65-b01 mixed mode windows-amd64 compressed oops)
# Failed to write core dump. Minidumps are not enabled by default on client versions of Windows
#

---------------  T H R E A D  ---------------

Current thread (0x0000000014f1d000):  JavaThread "C2 CompilerThread1" daemon [_thread_in_native, id=8040, stack(0x0000000016770000,0x0000000016870000)]

Stack: [0x0000000016770000,0x0000000016870000]
[error occurred during error reporting (printing stack bounds), id 0xc0000005]

Native frames: (J=compiled Java code, j=interpreted, Vv=VM code, C=native code)


Current CompileTask:
C2:   2412  999   !   4       com.android.dx.cf.code.BytecodeArray::parseInstruction (2764 bytes)


---------------  P R O C E S S  ---------------

Java Threads: ( => current thread )
  0x0000000016be7800 JavaThread "pool-2-thread-4" [_thread_in_Java, id=7548, stack(0x0000000017370000,0x0000000017470000)]
  0x0000000016bc2000 JavaThread "pool-2-thread-3" [_thread_in_Java, id=8044, stack(0x0000000017270000,0x0000000017370000)]
  0x0000000016bc1000 JavaThread "pool-2-thread-2" [_thread_in_Java, id=7044, stack(0x0000000017170000,0x0000000017270000)]
  0x0000000016acf000 JavaThread "pool-3-thread-1" [_thread_blocked, id=7428, stack(0x0000000017070000,0x0000000017170000)]
  0x0000000016a91000 JavaThread "pool-2-thread-1" [_thread_in_Java, id=7312, stack(0x0000000016f70000,0x0000000017070000)]
  0x0000000014f6e800 JavaThread "Service Thread" daemon [_thread_blocked, id=4652, stack(0x0000000016d70000,0x0000000016e70000)]
  0x0000000014f0f000 JavaThread "C1 CompilerThread2" daemon [_thread_blocked, id=7452, stack(0x0000000016870000,0x0000000016970000)]
=>0x0000000014f1d000 JavaThread "C2 CompilerThread1" daemon [_thread_in_native, id=8040, stack(0x0000000016770000,0x0000000016870000)]
  0x0000000014f19800 JavaThread "C2 CompilerThread0" daemon [_thread_blocked, id=7900, stack(0x0000000016670000,0x0000000016770000)]
  0x0000000014f17800 JavaThread "Attach Listener" daemon [_thread_blocked, id=6732, stack(0x0000000016570000,0x0000000016670000)]
  0x0000000014f16800 JavaThread "Signal Dispatcher" daemon [_thread_blocked, id=5380, stack(0x0000000016470000,0x0000000016570000)]
  0x0000000002748000 JavaThread "Finalizer" daemon [_thread_blocked, id=1324, stack(0x0000000016180000,0x0000000016280000)]
  0x000000000273f800 JavaThread "Reference Handler" daemon [_thread_blocked, id=3696, stack(0x0000000016080000,0x0000000016180000)]
  0x0000000002650800 JavaThread "main" [_thread_in_native, id=4852, stack(0x0000000002500000,0x0000000002600000)]

Other Threads:
  0x0000000014ed7000 VMThread [stack: 0x0000000015f80000,0x0000000016080000] [id=2176]
  0x00000000169aa800 WatcherThread [stack: 0x0000000016e70000,0x0000000016f70000] [id=7636]

VM state:not at safepoint (normal execution)

VM Mutex/Monitor currently owned by a thread: None

Heap:
 PSYoungGen      total 33280K, used 24220K [0x00000000eab00000, 0x00000000ed000000, 0x0000000100000000)
  eden space 28672K, 84% used [0x00000000eab00000,0x00000000ec2a70e8,0x00000000ec700000)
  from space 4608K, 0% used [0x00000000ecb80000,0x00000000ecb80000,0x00000000ed000000)
  to   space 4608K, 0% used [0x00000000ec700000,0x00000000ec700000,0x00000000ecb80000)
 ParOldGen       total 76800K, used 0K [0x00000000c0000000, 0x00000000c4b00000, 0x00000000eab00000)
  object space 76800K, 0% used [0x00000000c0000000,0x00000000c0000000,0x00000000c4b00000)
 Metaspace       used 5727K, capacity 6832K, committed 7040K, reserved 1056768K
  class space    used 583K, capacity 616K, committed 640K, reserved 1048576K

Card table byte_map: [0x0000000011c00000,0x0000000011e10000] byte_map_base: 0x0000000011600000

Marking Bits: (ParMarkBitMap*) 0x000000007498a5b0
 Begin Bits: [0x0000000012370000, 0x0000000013370000)
 End Bits:   [0x0000000013370000, 0x0000000014370000)

Polling page: 0x0000000000d50000

CodeCache: size=245760Kb used=4306Kb max_used=4318Kb free=241453Kb
 bounds [0x0000000002840000, 0x0000000002c80000, 0x0000000011840000]
 total_blobs=1314 nmethods=1053 adapters=175
 compilation: enabled

Compilation events (10 events):
Event: 2.338 Thread 0x0000000014f19800 1050       4       com.android.dx.rop.cst.Constant::compareTo (33 bytes)
Event: 2.340 Thread 0x0000000014f19800 nmethod 1050 0x0000000002c6cb10 code [0x0000000002c6cc60, 0x0000000002c6cd18]
Event: 2.341 Thread 0x0000000014f0f000 1051       3       com.android.dx.util.LabeledList::getMaxLabel (47 bytes)
Event: 2.342 Thread 0x0000000014f0f000 nmethod 1051 0x0000000002c79ed0 code [0x0000000002c7a060, 0x0000000002c7a4d8]
Event: 2.342 Thread 0x0000000014f0f000 1052       3       com.android.dx.cf.code.SwitchList::getTarget (9 bytes)
Event: 2.342 Thread 0x0000000014f0f000 nmethod 1052 0x0000000002c79a90 code [0x0000000002c79c00, 0x0000000002c79e08]
Event: 2.342 Thread 0x0000000014f19800 1053       4       com.android.dx.cf.code.BasicBlocker::addWorkIfNecessary (32 bytes)
Event: 2.344 Thread 0x0000000014f0f000 1054       1       com.android.dx.rop.cst.CstKnownNull::getType (4 bytes)
Event: 2.344 Thread 0x0000000014f0f000 nmethod 1054 0x0000000002c797d0 code [0x0000000002c79920, 0x0000000002c79a30]
Event: 2.344 Thread 0x0000000014f19800 nmethod 1053 0x0000000002c79350 code [0x0000000002c794a0, 0x0000000002c795d8]

GC Heap History (0 events):
No events

Deoptimization events (7 events):
Event: 0.924 Thread 0x0000000016a91000 Uncommon trap: reason=unstable_if action=reinterpret pc=0x0000000002a1ac40 method=java.util.HashMap.getNode(ILjava/lang/Object;)Ljava/util/HashMap$Node; @ 62
Event: 1.126 Thread 0x0000000016be7800 Uncommon trap: reason=unstable_if action=reinterpret pc=0x0000000002a9a670 method=java.util.BitSet.nextSetBit(I)I @ 87
Event: 1.584 Thread 0x0000000016a91000 Uncommon trap: reason=null_check action=make_not_entrant pc=0x0000000002ae0ebc method=com.android.dx.ssa.SsaRenamer.getLocalForNewReg(I)Lcom/android/dx/rop/code/LocalItem; @ 19
Event: 1.840 Thread 0x0000000016a91000 Uncommon trap: reason=class_check action=maybe_recompile pc=0x0000000002bc6b10 method=com.android.dx.ssa.NormalSsaInsn.accept(Lcom/android/dx/ssa/SsaInsn$Visitor;)V @ 9
Event: 1.840 Thread 0x0000000016a91000 Uncommon trap: reason=class_check action=maybe_recompile pc=0x0000000002bc6b10 method=com.android.dx.ssa.NormalSsaInsn.accept(Lcom/android/dx/ssa/SsaInsn$Visitor;)V @ 9
Event: 1.859 Thread 0x0000000016a91000 Uncommon trap: reason=class_check action=maybe_recompile pc=0x0000000002bc6b10 method=com.android.dx.ssa.NormalSsaInsn.accept(Lcom/android/dx/ssa/SsaInsn$Visitor;)V @ 9
Event: 1.859 Thread 0x0000000016a91000 Uncommon trap: reason=class_check action=maybe_recompile pc=0x0000000002bc6b10 method=com.android.dx.ssa.NormalSsaInsn.accept(Lcom/android/dx/ssa/SsaInsn$Visitor;)V @ 9

Internal exceptions (3 events):
Event: 0.072 Thread 0x0000000002650800 Exception <a 'java/lang/NoSuchMethodError': Method sun.misc.Unsafe.defineClass(Ljava/lang/String;[BII)Ljava/lang/Class; name or signature does not match> (0x00000000eab0d1a8) thrown at [C:\workspace\8-2-build-windows-amd64-cygwin\jdk8u65\4987\hotspot\src\s@Î–9{{²?
Event: 0.072 Thread 0x0000000002650800 Exception <a 'java/lang/NoSuchMethodError': Method sun.misc.Unsafe.prefetchRead(Ljava/lang/Object;J)V name or signature does not match> (0x00000000eab0d490) thrown at [C:\workspace\8-2-build-windows-amd64-cygwin\jdk8u65\4987\hotspot\src\share\vm\prims\jni.4K×zVù?
Event: 1.584 Thread 0x0000000016a91000 Implicit null exception at 0x0000000002adf5f8 to 0x0000000002ae0ea1

Events (10 events):
Event: 1.840 Thread 0x0000000016a91000 DEOPT PACKING pc=0x0000000002bc6b10 sp=0x000000001706ea40
Event: 1.840 Thread 0x0000000016a91000 DEOPT UNPACKING pc=0x000000000288582a sp=0x000000001706ea10 mode 2
Event: 1.859 Thread 0x0000000016a91000 Uncommon trap: trap_request=0xffffffde fr.pc=0x0000000002bc6b10
Event: 1.859 Thread 0x0000000016a91000 DEOPT PACKING pc=0x0000000002bc6b10 sp=0x000000001706ea40
Event: 1.859 Thread 0x0000000016a91000 DEOPT UNPACKING pc=0x000000000288582a sp=0x000000001706ea10 mode 2
Event: 1.859 Thread 0x0000000016a91000 Uncommon trap: trap_request=0xffffffde fr.pc=0x0000000002bc6b10
Event: 1.859 Thread 0x0000000016a91000 DEOPT PACKING pc=0x0000000002bc6b10 sp=0x000000001706ea40
Event: 1.859 Thread 0x0000000016a91000 DEOPT UNPACKING pc=0x000000000288582a sp=0x000000001706ea10 mode 2
Event: 2.274 Thread 0x0000000016bc1000 DEOPT PACKING pc=0x0000000002b4e30a sp=0x000000001726ecc0
Event: 2.274 Thread 0x0000000016bc1000 DEOPT UNPACKING pc=0x000000000288747f sp=0x000000001726ea28 mode 0


Dynamic libraries:
0x00007ff633530000 - 0x00007ff633567000 	D:\AndroidStudio\jdk1.8.0_65\bin\java.exe
0x00007ff824dd0000 - 0x00007ff824f7a000 	C:\Windows\SYSTEM32\ntdll.dll
0x00007ff824be0000 - 0x00007ff824d1a000 	C:\Windows\system32\KERNEL32.DLL
0x00007ff822540000 - 0x00007ff82264f000 	C:\Windows\system32\KERNELBASE.dll
0x00007ff820d70000 - 0x00007ff820df8000 	C:\Windows\system32\apphelp.dll
0x00007ff812710000 - 0x00007ff81275f000 	C:\Windows\AppPatch\AppPatch64\AcGenral.DLL
0x00007ff824d20000 - 0x00007ff824dc7000 	C:\Windows\system32\msvcrt.dll
0x00007ff821ff0000 - 0x00007ff82201b000 	C:\Windows\SYSTEM32\SspiCli.dll
0x00007ff8228a0000 - 0x00007ff8228f1000 	C:\Windows\system32\SHLWAPI.dll
0x00007ff8233b0000 - 0x00007ff823521000 	C:\Windows\system32\USER32.dll
0x00007ff8231d0000 - 0x00007ff823348000 	C:\Windows\system32\ole32.dll
0x00007ff823590000 - 0x00007ff8249a7000 	C:\Windows\system32\SHELL32.dll
0x00007ff8217d0000 - 0x00007ff8217ee000 	C:\Windows\SYSTEM32\USERENV.dll
0x00007ff8249b0000 - 0x00007ff824a55000 	C:\Windows\system32\ADVAPI32.dll
0x00007ff81af40000 - 0x00007ff81af5b000 	C:\Windows\SYSTEM32\MPR.dll
0x00007ff822ca0000 - 0x00007ff822dd6000 	C:\Windows\system32\RPCRT4.dll
0x00007ff823350000 - 0x00007ff8233a7000 	C:\Windows\SYSTEM32\sechost.dll
0x00007ff822e50000 - 0x00007ff823026000 	C:\Windows\SYSTEM32\combase.dll
0x00007ff824a60000 - 0x00007ff824ba5000 	C:\Windows\system32\GDI32.dll
0x00007ff822140000 - 0x00007ff822154000 	C:\Windows\SYSTEM32\profapi.dll
0x00007ff8205e0000 - 0x00007ff82067f000 	C:\Windows\SYSTEM32\SHCORE.dll
0x00007ff822ae0000 - 0x00007ff822b14000 	C:\Windows\system32\IMM32.DLL
0x00007ff823090000 - 0x00007ff8231c9000 	C:\Windows\system32\MSCTF.dll
0x00007ff81fd60000 - 0x00007ff81ffba000 	C:\Windows\WinSxS\amd64_microsoft.windows.common-controls_6595b64144ccf1df_6.0.9600.17031_none_6242a4b3ecbb55a1\COMCTL32.dll
0x0000000073e50000 - 0x0000000073f22000 	D:\AndroidStudio\jdk1.8.0_65\jre\bin\msvcr100.dll
0x0000000074180000 - 0x0000000074a09000 	D:\AndroidStudio\jdk1.8.0_65\jre\bin\server\jvm.dll
0x00007ff81b2f0000 - 0x00007ff81b2f9000 	C:\Windows\SYSTEM32\WSOCK32.dll
0x00007ff81ffc0000 - 0x00007ff81ffdf000 	C:\Windows\SYSTEM32\WINMM.dll
0x00007ff81ffe0000 - 0x00007ff81ffea000 	C:\Windows\SYSTEM32\VERSION.dll
0x00007ff822650000 - 0x00007ff822657000 	C:\Windows\system32\PSAPI.DLL
0x00007ff823530000 - 0x00007ff823588000 	C:\Windows\system32\WS2_32.dll
0x00007ff81fd30000 - 0x00007ff81fd5a000 	C:\Windows\SYSTEM32\WINMMBASE.dll
0x00007ff822b20000 - 0x00007ff822b29000 	C:\Windows\system32\NSI.dll
0x00007ff822440000 - 0x00007ff82248a000 	C:\Windows\SYSTEM32\cfgmgr32.dll
0x00007ff820fc0000 - 0x00007ff820fe6000 	C:\Windows\SYSTEM32\DEVOBJ.dll
0x0000000074ea0000 - 0x0000000074eaf000 	D:\AndroidStudio\jdk1.8.0_65\jre\bin\verify.dll
0x0000000074e70000 - 0x0000000074e99000 	D:\AndroidStudio\jdk1.8.0_65\jre\bin\java.dll
0x0000000074e50000 - 0x0000000074e66000 	D:\AndroidStudio\jdk1.8.0_65\jre\bin\zip.dll

VM Arguments:
jvm_args: -Djava.awt.headless=true -Xmx1024M -Dfile.encoding=windows-1252 -Duser.country=US -Duser.language=en -Duser.variant 
java_command: com.android.dx.command.Main --dex --force-jumbo --num-threads=4 --multi-dex --output D:\AndroidStudio\Work\Soaya\app\build\intermediates\transforms\dex\debug\folders\1000\5\slice_6 D:\AndroidStudio\Work\Soaya\app\build\intermediates\transforms\instantRunSlicer\debug\folders\1\5\slice_6
java_class_path (initial): D:\AndroidStudio\sdk\build-tools\24.0.1\lib\dx.jar
Launcher Type: SUN_STANDARD

Environment Variables:
PATH=C:\Program Files (x86)\NVIDIA Corporation\PhysX\Common;C:\ProgramData\Oracle\Java\javapath;C:\Windows\system32;C:\Windows;C:\Windows\System32\Wbem;C:\Windows\System32\WindowsPowerShell\v1.0\;C:\Program Files (x86)\Windows Kits\8.1\Windows Performance Toolkit\;C:\Program Files\Microsoft SQL Server\110\Tools\Binn\;C:\Program Files (x86)\Skype\Phone\;C:\Program Files (x86)\Microsoft SQL Server\Client SDK\ODBC\110\Tools\Binn\;C:\Program Files (x86)\Microsoft SQL Server\120\Tools\Binn\;C:\Program Files (x86)\Microsoft SQL Server\120\DTS\Binn\;C:\Program Files (x86)\Microsoft SQL Server\120\Tools\Binn\ManagementStudio\;C:\Program Files\OpenVPN\bin;D:\Program Files\Git\cmd
USERNAME=Denn
OS=Windows_NT
PROCESSOR_IDENTIFIER=AMD64 Family 21 Model 48 Stepping 1, AuthenticAMD



---------------  S Y S T E M  ---------------

OS: Windows 8.1 , 64 bit Build 9600 (6.3.9600.17056)

CPU:total 4 (4 cores per cpu, 1 threads per core) family 21 model 48 stepping 1, cmov, cx8, fxsr, mmx, sse, sse2, sse3, ssse3, sse4.1, sse4.2, popcnt, avx, aes, clmul, mmxext, 3dnowpref, lzcnt, sse4a, tsc, tscinvbit, tscinv, bmi1

Memory: 4k page, physical 7287988k(1231452k free), swap 10669236k(7284k free)

vm_info: Java HotSpot(TM) 64-Bit Server VM (25.65-b01) for windows-amd64 JRE (1.8.0_65-b17), built on Oct  6 2015 16:39:20 by "java_re" with MS VC++ 10.0 (VS2010)

time: Sat Aug 13 16:30:37 2016
elapsed time: 2 seconds (0d 0h 0m 2s)

