#
# There is insufficient memory for the Java Runtime Environment to continue.
# Native memory allocation (malloc) failed to allocate 272272 bytes for Chunk::new
# Possible reasons:
#   The system is out of physical RAM or swap space
#   In 32 bit mode, the process size limit was hit
# Possible solutions:
#   Reduce memory load on the system
#   Increase physical memory or swap space
#   Check if swap backing store is full
#   Use 64 bit Java on a 64 bit OS
#   Decrease Java heap size (-Xmx/-Xms)
#   Decrease number of Java threads
#   Decrease Java thread stack sizes (-Xss)
#   Set larger code cache with -XX:ReservedCodeCacheSize=
# This output file may be truncated or incomplete.
#
#  Out of Memory Error (allocation.cpp:390), pid=7676, tid=7652
#
# JRE version: Java(TM) SE Runtime Environment (8.0_65-b17) (build 1.8.0_65-b17)
# Java VM: Java HotSpot(TM) 64-Bit Server VM (25.65-b01 mixed mode windows-amd64 compressed oops)
# Failed to write core dump. Minidumps are not enabled by default on client versions of Windows
#

---------------  T H R E A D  ---------------

Current thread (0x000000001545a800):  JavaThread "C2 CompilerThread0" daemon [_thread_in_native, id=7652, stack(0x0000000016bb0000,0x0000000016cb0000)]

Stack: [0x0000000016bb0000,0x0000000016cb0000]
[error occurred during error reporting (printing stack bounds), id 0xc0000005]

Native frames: (J=compiled Java code, j=interpreted, Vv=VM code, C=native code)


Current CompileTask:
C2:   2528  842   !   4       com.android.dx.rop.code.RegisterSpec::intern (70 bytes)


---------------  P R O C E S S  ---------------

Java Threads: ( => current thread )
  0x0000000017129800 JavaThread "pool-2-thread-4" [_thread_in_vm, id=7052, stack(0x00000000178b0000,0x00000000179b0000)]
  0x000000001710e000 JavaThread "pool-2-thread-3" [_thread_in_Java, id=5864, stack(0x00000000177b0000,0x00000000178b0000)]
  0x0000000017105000 JavaThread "pool-2-thread-2" [_thread_in_vm, id=4156, stack(0x00000000176b0000,0x00000000177b0000)]
  0x0000000017018000 JavaThread "pool-3-thread-1" [_thread_blocked, id=7864, stack(0x00000000175b0000,0x00000000176b0000)]
  0x0000000017015000 JavaThread "pool-2-thread-1" [_thread_in_Java, id=7192, stack(0x00000000174b0000,0x00000000175b0000)]
  0x0000000016ee4800 JavaThread "Service Thread" daemon [_thread_blocked, id=7212, stack(0x00000000172b0000,0x00000000173b0000)]
  0x000000001545f000 JavaThread "C1 CompilerThread2" daemon [_thread_blocked, id=8016, stack(0x0000000016db0000,0x0000000016eb0000)]
  0x000000001545d800 JavaThread "C2 CompilerThread1" daemon [_thread_in_native, id=7416, stack(0x0000000016cb0000,0x0000000016db0000)]
=>0x000000001545a800 JavaThread "C2 CompilerThread0" daemon [_thread_in_native, id=7652, stack(0x0000000016bb0000,0x0000000016cb0000)]
  0x0000000015459000 JavaThread "Attach Listener" daemon [_thread_blocked, id=8008, stack(0x0000000016ab0000,0x0000000016bb0000)]
  0x0000000015457800 JavaThread "Signal Dispatcher" daemon [_thread_blocked, id=7992, stack(0x00000000169b0000,0x0000000016ab0000)]
  0x0000000002d78800 JavaThread "Finalizer" daemon [_thread_blocked, id=952, stack(0x00000000166c0000,0x00000000167c0000)]
  0x0000000002d70000 JavaThread "Reference Handler" daemon [_thread_blocked, id=8060, stack(0x00000000165c0000,0x00000000166c0000)]
  0x0000000002c80800 JavaThread "main" [_thread_blocked, id=6864, stack(0x0000000002b80000,0x0000000002c80000)]

Other Threads:
  0x0000000015417000 VMThread [stack: 0x00000000164c0000,0x00000000165c0000] [id=7348]
  0x0000000016ee7800 WatcherThread [stack: 0x00000000173b0000,0x00000000174b0000] [id=2820]

VM state:not at safepoint (normal execution)

VM Mutex/Monitor currently owned by a thread: None

Heap:
 PSYoungGen      total 33280K, used 17779K [0x00000000eab00000, 0x00000000ed000000, 0x0000000100000000)
  eden space 28672K, 62% used [0x00000000eab00000,0x00000000ebc5ce88,0x00000000ec700000)
  from space 4608K, 0% used [0x00000000ecb80000,0x00000000ecb80000,0x00000000ed000000)
  to   space 4608K, 0% used [0x00000000ec700000,0x00000000ec700000,0x00000000ecb80000)
 ParOldGen       total 76800K, used 0K [0x00000000c0000000, 0x00000000c4b00000, 0x00000000eab00000)
  object space 76800K, 0% used [0x00000000c0000000,0x00000000c0000000,0x00000000c4b00000)
 Metaspace       used 5612K, capacity 6768K, committed 7040K, reserved 1056768K
  class space    used 580K, capacity 616K, committed 640K, reserved 1048576K

Card table byte_map: [0x0000000012140000,0x0000000012350000] byte_map_base: 0x0000000011b40000

Marking Bits: (ParMarkBitMap*) 0x000000007498a5b0
 Begin Bits: [0x00000000128b0000, 0x00000000138b0000)
 End Bits:   [0x00000000138b0000, 0x00000000148b0000)

Polling page: 0x0000000001340000

CodeCache: size=245760Kb used=3614Kb max_used=3614Kb free=242145Kb
 bounds [0x0000000002d80000, 0x0000000003110000, 0x0000000011d80000]
 total_blobs=1112 nmethods=849 adapters=175
 compilation: enabled

Compilation events (10 events):
Event: 2.522 Thread 0x000000001545f000  853       3       com.android.dx.cf.code.BaseMachine::auxCstArg (20 bytes)
Event: 2.522 Thread 0x000000001545f000 nmethod 853 0x00000000030f11d0 code [0x00000000030f1340, 0x00000000030f15a8]
Event: 2.522 Thread 0x000000001545f000  854       3       com.android.dx.cf.code.Frame::<init> (52 bytes)
Event: 2.523 Thread 0x000000001545f000 nmethod 854 0x00000000030f2490 code [0x00000000030f2640, 0x00000000030f2c28]
Event: 2.523 Thread 0x000000001545f000  855       3       com.android.dx.cf.code.Simulator$SimVisitor::visitConstant (332 bytes)
Event: 2.525 Thread 0x000000001545f000 nmethod 855 0x0000000003103e50 code [0x0000000003104180, 0x0000000003106098]
Event: 2.525 Thread 0x000000001545f000  856       3       com.android.dx.cf.code.Ropper::getAvailableLabel (54 bytes)
Event: 2.526 Thread 0x000000001545f000 nmethod 856 0x0000000003102d90 code [0x0000000003102f60, 0x0000000003103928]
Event: 2.527 Thread 0x000000001545f000  857       3       com.android.dx.cf.code.ExecutionStack::<init> (34 bytes)
Event: 2.527 Thread 0x000000001545f000 nmethod 857 0x0000000003102750 code [0x00000000031028c0, 0x0000000003102c70]

GC Heap History (0 events):
No events

Deoptimization events (2 events):
Event: 1.455 Thread 0x000000001710e000 Uncommon trap: reason=unstable_if action=reinterpret pc=0x0000000002fbdf70 method=java.util.BitSet.nextSetBit(I)I @ 87
Event: 1.464 Thread 0x0000000017129800 Uncommon trap: reason=unstable_if action=reinterpret pc=0x0000000002f81658 method=java.util.HashMap.getNode(ILjava/lang/Object;)Ljava/util/HashMap$Node; @ 129

Internal exceptions (2 events):
Event: 0.075 Thread 0x0000000002c80800 Exception <a 'java/lang/NoSuchMethodError': Method sun.misc.Unsafe.defineClass(Ljava/lang/String;[BII)Ljava/lang/Class; name or signature does not match> (0x00000000eab0d450) thrown at [C:\workspace\8-2-build-windows-amd64-cygwin\jdk8u65\4987\hotspot\src\s÷iºk{P≥?
Event: 0.075 Thread 0x0000000002c80800 Exception <a 'java/lang/NoSuchMethodError': Method sun.misc.Unsafe.prefetchRead(Ljava/lang/Object;J)V name or signature does not match> (0x00000000eab0d738) thrown at [C:\workspace\8-2-build-windows-amd64-cygwin\jdk8u65\4987\hotspot\src\share\vm\prims\jni.

Events (10 events):
Event: 1.666 loading class java/util/DualPivotQuicksort
Event: 1.667 loading class java/util/DualPivotQuicksort done
Event: 1.671 loading class com/android/dx/cf/code/Ropper$ExceptionHandlerSetup
Event: 1.671 loading class com/android/dx/cf/code/Ropper$ExceptionHandlerSetup done
Event: 1.673 loading class java/util/HashMap$Values
Event: 1.674 loading class java/util/HashMap$Values done
Event: 1.674 loading class java/util/HashMap$ValueIterator
Event: 1.674 loading class java/util/HashMap$ValueIterator done
Event: 2.041 loading class java/util/ArrayList$1
Event: 2.041 loading class java/util/ArrayList$1 done


Dynamic libraries:
0x00007ff633530000 - 0x00007ff633567000 	D:\AndroidStudio\jdk1.8.0_65\bin\java.exe
0x00007ff824dd0000 - 0x00007ff824f7a000 	C:\Windows\SYSTEM32\ntdll.dll
0x00007ff824be0000 - 0x00007ff824d1a000 	C:\Windows\system32\KERNEL32.DLL
0x00007ff822540000 - 0x00007ff82264f000 	C:\Windows\system32\KERNELBASE.dll
0x00007ff820d70000 - 0x00007ff820df8000 	C:\Windows\system32\apphelp.dll
0x00007ff812710000 - 0x00007ff81275f000 	C:\Windows\AppPatch\AppPatch64\AcGenral.DLL
0x00007ff824d20000 - 0x00007ff824dc7000 	C:\Windows\system32\msvcrt.dll
0x00007ff821ff0000 - 0x00007ff82201b000 	C:\Windows\SYSTEM32\SspiCli.dll
0x00007ff8228a0000 - 0x00007ff8228f1000 	C:\Windows\system32\SHLWAPI.dll
0x00007ff8233b0000 - 0x00007ff823521000 	C:\Windows\system32\USER32.dll
0x00007ff8231d0000 - 0x00007ff823348000 	C:\Windows\system32\ole32.dll
0x00007ff823590000 - 0x00007ff8249a7000 	C:\Windows\system32\SHELL32.dll
0x00007ff8217d0000 - 0x00007ff8217ee000 	C:\Windows\SYSTEM32\USERENV.dll
0x00007ff8249b0000 - 0x00007ff824a55000 	C:\Windows\system32\ADVAPI32.dll
0x00007ff81af40000 - 0x00007ff81af5b000 	C:\Windows\SYSTEM32\MPR.dll
0x00007ff822ca0000 - 0x00007ff822dd6000 	C:\Windows\system32\RPCRT4.dll
0x00007ff823350000 - 0x00007ff8233a7000 	C:\Windows\SYSTEM32\sechost.dll
0x00007ff822e50000 - 0x00007ff823026000 	C:\Windows\SYSTEM32\combase.dll
0x00007ff824a60000 - 0x00007ff824ba5000 	C:\Windows\system32\GDI32.dll
0x00007ff822140000 - 0x00007ff822154000 	C:\Windows\SYSTEM32\profapi.dll
0x00007ff8205e0000 - 0x00007ff82067f000 	C:\Windows\SYSTEM32\SHCORE.dll
0x00007ff822ae0000 - 0x00007ff822b14000 	C:\Windows\system32\IMM32.DLL
0x00007ff823090000 - 0x00007ff8231c9000 	C:\Windows\system32\MSCTF.dll
0x00007ff81fd60000 - 0x00007ff81ffba000 	C:\Windows\WinSxS\amd64_microsoft.windows.common-controls_6595b64144ccf1df_6.0.9600.17031_none_6242a4b3ecbb55a1\COMCTL32.dll
0x0000000073e50000 - 0x0000000073f22000 	D:\AndroidStudio\jdk1.8.0_65\jre\bin\msvcr100.dll
0x0000000074180000 - 0x0000000074a09000 	D:\AndroidStudio\jdk1.8.0_65\jre\bin\server\jvm.dll
0x00007ff81b2f0000 - 0x00007ff81b2f9000 	C:\Windows\SYSTEM32\WSOCK32.dll
0x00007ff81ffc0000 - 0x00007ff81ffdf000 	C:\Windows\SYSTEM32\WINMM.dll
0x00007ff81ffe0000 - 0x00007ff81ffea000 	C:\Windows\SYSTEM32\VERSION.dll
0x00007ff822650000 - 0x00007ff822657000 	C:\Windows\system32\PSAPI.DLL
0x00007ff823530000 - 0x00007ff823588000 	C:\Windows\system32\WS2_32.dll
0x00007ff81fd30000 - 0x00007ff81fd5a000 	C:\Windows\SYSTEM32\WINMMBASE.dll
0x00007ff822b20000 - 0x00007ff822b29000 	C:\Windows\system32\NSI.dll
0x00007ff822440000 - 0x00007ff82248a000 	C:\Windows\SYSTEM32\cfgmgr32.dll
0x00007ff820fc0000 - 0x00007ff820fe6000 	C:\Windows\SYSTEM32\DEVOBJ.dll
0x0000000074ea0000 - 0x0000000074eaf000 	D:\AndroidStudio\jdk1.8.0_65\jre\bin\verify.dll
0x0000000074e70000 - 0x0000000074e99000 	D:\AndroidStudio\jdk1.8.0_65\jre\bin\java.dll
0x0000000074e50000 - 0x0000000074e66000 	D:\AndroidStudio\jdk1.8.0_65\jre\bin\zip.dll

VM Arguments:
jvm_args: -Djava.awt.headless=true -Xmx1024M -Dfile.encoding=windows-1252 -Duser.country=US -Duser.language=en -Duser.variant 
java_command: com.android.dx.command.Main --dex --force-jumbo --num-threads=4 --multi-dex --output D:\AndroidStudio\Work\Soaya\app\build\intermediates\transforms\dex\debug\folders\1000\5\slice_8 D:\AndroidStudio\Work\Soaya\app\build\intermediates\transforms\instantRunSlicer\debug\folders\1\5\slice_8
java_class_path (initial): D:\AndroidStudio\sdk\build-tools\24.0.1\lib\dx.jar
Launcher Type: SUN_STANDARD

Environment Variables:
PATH=C:\Program Files (x86)\NVIDIA Corporation\PhysX\Common;C:\ProgramData\Oracle\Java\javapath;C:\Windows\system32;C:\Windows;C:\Windows\System32\Wbem;C:\Windows\System32\WindowsPowerShell\v1.0\;C:\Program Files (x86)\Windows Kits\8.1\Windows Performance Toolkit\;C:\Program Files\Microsoft SQL Server\110\Tools\Binn\;C:\Program Files (x86)\Skype\Phone\;C:\Program Files (x86)\Microsoft SQL Server\Client SDK\ODBC\110\Tools\Binn\;C:\Program Files (x86)\Microsoft SQL Server\120\Tools\Binn\;C:\Program Files (x86)\Microsoft SQL Server\120\DTS\Binn\;C:\Program Files (x86)\Microsoft SQL Server\120\Tools\Binn\ManagementStudio\;C:\Program Files\OpenVPN\bin;D:\Program Files\Git\cmd
USERNAME=Denn
OS=Windows_NT
PROCESSOR_IDENTIFIER=AMD64 Family 21 Model 48 Stepping 1, AuthenticAMD



---------------  S Y S T E M  ---------------

OS: Windows 8.1 , 64 bit Build 9600 (6.3.9600.17056)

CPU:total 4 (4 cores per cpu, 1 threads per core) family 21 model 48 stepping 1, cmov, cx8, fxsr, mmx, sse, sse2, sse3, ssse3, sse4.1, sse4.2, popcnt, avx, aes, clmul, mmxext, 3dnowpref, lzcnt, sse4a, tsc, tscinvbit, tscinv, bmi1

Memory: 4k page, physical 7287988k(1224364k free), swap 10669236k(5196k free)

vm_info: Java HotSpot(TM) 64-Bit Server VM (25.65-b01) for windows-amd64 JRE (1.8.0_65-b17), built on Oct  6 2015 16:39:20 by "java_re" with MS VC++ 10.0 (VS2010)

time: Sat Aug 13 16:30:37 2016
elapsed time: 2 seconds (0d 0h 0m 2s)

